Arguments: 
  /Users/mind/.nvm/versions/node/v16.15.0/bin/node /usr/local/bin/yarn

PATH: 
  /Users/mind/.fastlane/bin:/Users/mind/.rvm/gems/ruby-3.0.0/bin:/Users/mind/.rvm/gems/ruby-3.0.0@global/bin:/Users/mind/.rvm/rubies/ruby-3.0.0/bin:/Users/mind/.nvm/versions/node/v16.15.0/bin:/Users/mind/Library/pnpm:/Users/mind/.fastlane/bin:/usr/local/bin:/usr/bin:/bin:/usr/sbin:/sbin:/Library/Apple/usr/bin:/Users/mind/.fastlane/bin:/Users/mind/.rvm/gems/ruby-3.0.0/bin:/Users/mind/.rvm/gems/ruby-3.0.0@global/bin:/Users/mind/.rvm/rubies/ruby-3.0.0/bin:/Users/mind/.nvm/versions/node/v16.15.0/bin:/Users/mind/Library/pnpm:/Users/mind/Library/Android/sdk/emulator:/Users/mind/Library/Android/sdk/tools:/Users/mind/Library/Android/sdk/tools/bin:/Users/mind/Library/Android/sdk/platform-tools:/Users/mind/.rvm/bin:/Users/mind/Library/Android/sdk/emulator:/Users/mind/Library/Android/sdk/tools:/Users/mind/Library/Android/sdk/tools/bin:/Users/mind/Library/Android/sdk/platform-tools:/Users/mind/.rvm/bin

Yarn version: 
  1.22.17

Node version: 
  16.15.0

Platform: 
  darwin x64

Trace: 
  Error: ENOSPC: no space left on device, copyfile '/Users/mind/Library/Caches/Yarn/v6/npm-typescript-4.8.4-c464abca159669597be5f96b8943500b238e60e6-integrity/node_modules/typescript/lib/typescriptServices.js' -> '/Users/mind/Documents/RN_PROJECTS/BookingTicket/Booking_Seat_Git/node_modules/typescript/lib/typescriptServices.js'

npm manifest: 
  {
    "name": "react-native-booking-ticket",
    "version": "0.1.0",
    "description": "Booking Ticket",
    "main": "lib/commonjs/index",
    "module": "lib/module/index",
    "types": "lib/typescript/index.d.ts",
    "react-native": "src/index",
    "source": "src/index",
    "files": [
      "src",
      "lib",
      "android",
      "ios",
      "cpp",
      "react-native-booking-ticket.podspec",
      "!lib/typescript/example",
      "!android/build",
      "!ios/build",
      "!**/__tests__",
      "!**/__fixtures__",
      "!**/__mocks__"
    ],
    "scripts": {
      "test": "jest",
      "typescript": "tsc --noEmit",
      "lint": "eslint \"**/*.{js,ts,tsx}\"",
      "prepare": "bob build",
      "release": "release-it",
      "example": "yarn --cwd example",
      "pods": "cd example && pod-install --quiet",
      "bootstrap": "yarn example && yarn && yarn pods"
    },
    "keywords": [
      "react-native",
      "ios",
      "android"
    ],
    "repository": "https://github.com/TusharSanchaniya-mi/react-native-booking-ticket",
    "author": "Tushar Sanchaniya <tushar.sanchaniya@mindinventory.com> (https://github.com/TusharSanchaniya-mi)",
    "license": "MIT",
    "bugs": {
      "url": "https://github.com/TusharSanchaniya-mi/react-native-booking-ticket/issues"
    },
    "homepage": "https://github.com/TusharSanchaniya-mi/react-native-booking-ticket#readme",
    "publishConfig": {
      "registry": "https://registry.npmjs.org/"
    },
    "devDependencies": {
      "@commitlint/config-conventional": "^11.0.0",
      "@react-native-community/eslint-config": "^2.0.0",
      "@release-it/conventional-changelog": "^2.0.0",
      "@types/jest": "^27.4.1",
      "@types/react": "^18.0.5",
      "@types/react-native": "^0.67.4",
      "@types/react-test-renderer": "^18.0.0",
      "commitlint": "^11.0.0",
      "eslint": "^7.2.0",
      "eslint-config-prettier": "^7.0.0",
      "eslint-plugin-prettier": "^3.1.3",
      "husky": "^6.0.0",
      "jest": "^26.0.1",
      "pod-install": "^0.1.0",
      "prettier": "^2.0.5",
      "react": "16.13.1",
      "react-native": "0.63.4",
      "react-native-builder-bob": "^0.18.0",
      "release-it": "^14.2.2",
      "typescript": "^4.6.3"
    },
    "peerDependencies": {
      "react": "*",
      "react-native": "*"
    },
    "jest": {
      "preset": "react-native",
      "modulePathIgnorePatterns": [
        "<rootDir>/example/node_modules",
        "<rootDir>/lib/"
      ]
    },
    "commitlint": {
      "extends": [
        "@commitlint/config-conventional"
      ]
    },
    "release-it": {
      "git": {
        "commitMessage": "chore: release ${version}",
        "tagName": "v${version}"
      },
      "npm": {
        "publish": true
      },
      "github": {
        "release": true
      },
      "plugins": {
        "@release-it/conventional-changelog": {
          "preset": "angular"
        }
      }
    },
    "eslintConfig": {
      "root": true,
      "extends": [
        "@react-native-community",
        "prettier"
      ],
      "rules": {
        "prettier/prettier": [
          "error",
          {
            "quoteProps": "consistent",
            "singleQuote": true,
            "tabWidth": 2,
            "trailingComma": "es5",
            "useTabs": false
          }
        ]
      }
    },
    "eslintIgnore": [
      "node_modules/",
      "lib/"
    ],
    "prettier": {
      "quoteProps": "consistent",
      "singleQuote": true,
      "tabWidth": 2,
      "trailingComma": "es5",
      "useTabs": false
    },
    "react-native-builder-bob": {
      "source": "src",
      "output": "lib",
      "targets": [
        "commonjs",
        "module",
        [
          "typescript",
          {
            "project": "tsconfig.build.json"
          }
        ]
      ]
    },
    "dependencies": {
      "react-native-svg": "^12.3.0"
    },
    "resolutions": {
      "@types/react": "18.0.5"
    }
  }

yarn manifest: 
  No manifest

Lockfile: 
  No lockfile
